<?xml version="1.0" encoding="UTF-8"?>
<coverage generated="1708437580388" clover="3.2.0">
  <project timestamp="1708437580388" name="All files">
    <metrics statements="12" coveredstatements="10" conditionals="4" coveredconditionals="3" methods="2" coveredmethods="1" elements="18" coveredelements="14" complexity="0" loc="12" ncloc="12" packages="1" files="1" classes="1"/>
    <file name="app.js" path="D:\Innopolis\3\2\devops\S24-core-course-labs\app_javascript\app.js">
      <metrics statements="12" coveredstatements="10" conditionals="4" coveredconditionals="3" methods="2" coveredmethods="1"/>
      <line num="2" count="1" type="stmt"/>
      <line num="3" count="1" type="stmt"/>
      <line num="5" count="1" type="stmt"/>
      <line num="7" count="1" type="stmt"/>
      <line num="8" count="1" type="cond" truecount="2" falsecount="0"/>
      <line num="10" count="1" type="stmt"/>
      <line num="15" count="1" type="stmt"/>
      <line num="18" count="1" type="stmt"/>
      <line num="22" count="1" type="cond" truecount="1" falsecount="1"/>
      <line num="23" count="0" type="stmt"/>
      <line num="24" count="0" type="stmt"/>
      <line num="28" count="1" type="stmt"/>
    </file>
  </project>
</coverage>
